    1C
    1UUSER                                                              
    1UDATE              05.october.2022                                 
    1UTIME              14:59:41                                        
    1UHOST                                                              
    1UPGM               CalculiX                                        
    1UVERSION           Version 2.19                             
    1UCOMPILETIME       2022年  5月 25日 水曜日 17:29:46 JST                    
    1UDIR                                                               
    1UDBN                                                               
    1UMAT    1EL                                                        
    2C                           270                                     1
 -1         1 5.96000E-01 0.00000E+00 9.00000E-02
 -1         2 5.96000E-01 0.00000E+00 0.00000E+00
 -1         3 5.96000E-01 0.00000E+00 2.04545E-03
 -1         4 5.96000E-01 0.00000E+00 4.09091E-03
 -1         5 5.96000E-01 0.00000E+00 6.13636E-03
 -1         6 5.96000E-01 0.00000E+00 8.18182E-03
 -1         7 5.96000E-01 0.00000E+00 1.02273E-02
 -1         8 5.96000E-01 0.00000E+00 1.22727E-02
 -1         9 5.96000E-01 0.00000E+00 1.43182E-02
 -1        10 5.96000E-01 0.00000E+00 1.63636E-02
 -1        11 5.96000E-01 0.00000E+00 1.84091E-02
 -1        12 5.96000E-01 0.00000E+00 2.04545E-02
 -1        13 5.96000E-01 0.00000E+00 2.25000E-02
 -1        14 5.96000E-01 0.00000E+00 2.45455E-02
 -1        15 5.96000E-01 0.00000E+00 2.65909E-02
 -1        16 5.96000E-01 0.00000E+00 2.86364E-02
 -1        17 5.96000E-01 0.00000E+00 3.06818E-02
 -1        18 5.96000E-01 0.00000E+00 3.27273E-02
 -1        19 5.96000E-01 0.00000E+00 3.47727E-02
 -1        20 5.96000E-01 0.00000E+00 3.68182E-02
 -1        21 5.96000E-01 0.00000E+00 3.88636E-02
 -1        22 5.96000E-01 0.00000E+00 4.09091E-02
 -1        23 5.96000E-01 0.00000E+00 4.29545E-02
 -1        24 5.96000E-01 0.00000E+00 4.50000E-02
 -1        25 5.96000E-01 0.00000E+00 4.70455E-02
 -1        26 5.96000E-01 0.00000E+00 4.90909E-02
 -1        27 5.96000E-01 0.00000E+00 5.11364E-02
 -1        28 5.96000E-01 0.00000E+00 5.31818E-02
 -1        29 5.96000E-01 0.00000E+00 5.52273E-02
 -1        30 5.96000E-01 0.00000E+00 5.72727E-02
 -1        31 5.96000E-01 0.00000E+00 5.93182E-02
 -1        32 5.96000E-01 0.00000E+00 6.13636E-02
 -1        33 5.96000E-01 0.00000E+00 6.34091E-02
 -1        34 5.96000E-01 0.00000E+00 6.54545E-02
 -1        35 5.96000E-01 0.00000E+00 6.75000E-02
 -1        36 5.96000E-01 0.00000E+00 6.95455E-02
 -1        37 5.96000E-01 0.00000E+00 7.15909E-02
 -1        38 5.96000E-01 0.00000E+00 7.36364E-02
 -1        39 5.96000E-01 0.00000E+00 7.56818E-02
 -1        40 5.96000E-01 0.00000E+00 7.77273E-02
 -1        41 5.96000E-01 0.00000E+00 7.97727E-02
 -1        42 5.96000E-01 0.00000E+00 8.18182E-02
 -1        43 5.96000E-01 0.00000E+00 8.38636E-02
 -1        44 5.96000E-01 0.00000E+00 8.59091E-02
 -1        45 5.96000E-01 0.00000E+00 8.79545E-02
 -1        46 5.96000E-01 2.00000E-01 9.00000E-02
 -1        47 5.96000E-01 2.00000E-01 0.00000E+00
 -1        48 5.96000E-01 2.00000E-01 2.04545E-03
 -1        49 5.96000E-01 2.00000E-01 4.09091E-03
 -1        50 5.96000E-01 2.00000E-01 6.13636E-03
 -1        51 5.96000E-01 2.00000E-01 8.18182E-03
 -1        52 5.96000E-01 2.00000E-01 1.02273E-02
 -1        53 5.96000E-01 2.00000E-01 1.22727E-02
 -1        54 5.96000E-01 2.00000E-01 1.43182E-02
 -1        55 5.96000E-01 2.00000E-01 1.63636E-02
 -1        56 5.96000E-01 2.00000E-01 1.84091E-02
 -1        57 5.96000E-01 2.00000E-01 2.04545E-02
 -1        58 5.96000E-01 2.00000E-01 2.25000E-02
 -1        59 5.96000E-01 2.00000E-01 2.45455E-02
 -1        60 5.96000E-01 2.00000E-01 2.65909E-02
 -1        61 5.96000E-01 2.00000E-01 2.86364E-02
 -1        62 5.96000E-01 2.00000E-01 3.06818E-02
 -1        63 5.96000E-01 2.00000E-01 3.27273E-02
 -1        64 5.96000E-01 2.00000E-01 3.47727E-02
 -1        65 5.96000E-01 2.00000E-01 3.68182E-02
 -1        66 5.96000E-01 2.00000E-01 3.88636E-02
 -1        67 5.96000E-01 2.00000E-01 4.09091E-02
 -1        68 5.96000E-01 2.00000E-01 4.29545E-02
 -1        69 5.96000E-01 2.00000E-01 4.50000E-02
 -1        70 5.96000E-01 2.00000E-01 4.70455E-02
 -1        71 5.96000E-01 2.00000E-01 4.90909E-02
 -1        72 5.96000E-01 2.00000E-01 5.11364E-02
 -1        73 5.96000E-01 2.00000E-01 5.31818E-02
 -1        74 5.96000E-01 2.00000E-01 5.52273E-02
 -1        75 5.96000E-01 2.00000E-01 5.72727E-02
 -1        76 5.96000E-01 2.00000E-01 5.93182E-02
 -1        77 5.96000E-01 2.00000E-01 6.13636E-02
 -1        78 5.96000E-01 2.00000E-01 6.34091E-02
 -1        79 5.96000E-01 2.00000E-01 6.54545E-02
 -1        80 5.96000E-01 2.00000E-01 6.75000E-02
 -1        81 5.96000E-01 2.00000E-01 6.95455E-02
 -1        82 5.96000E-01 2.00000E-01 7.15909E-02
 -1        83 5.96000E-01 2.00000E-01 7.36364E-02
 -1        84 5.96000E-01 2.00000E-01 7.56818E-02
 -1        85 5.96000E-01 2.00000E-01 7.77273E-02
 -1        86 5.96000E-01 2.00000E-01 7.97727E-02
 -1        87 5.96000E-01 2.00000E-01 8.18182E-02
 -1        88 5.96000E-01 2.00000E-01 8.38636E-02
 -1        89 5.96000E-01 2.00000E-01 8.59091E-02
 -1        90 5.96000E-01 2.00000E-01 8.79545E-02
 -1        91 6.00000E-01 0.00000E+00 9.00000E-02
 -1        92 6.00000E-01 0.00000E+00 0.00000E+00
 -1        93 6.00000E-01 0.00000E+00 2.04545E-03
 -1        94 6.00000E-01 0.00000E+00 4.09091E-03
 -1        95 6.00000E-01 0.00000E+00 6.13636E-03
 -1        96 6.00000E-01 0.00000E+00 8.18182E-03
 -1        97 6.00000E-01 0.00000E+00 1.02273E-02
 -1        98 6.00000E-01 0.00000E+00 1.22727E-02
 -1        99 6.00000E-01 0.00000E+00 1.43182E-02
 -1       100 6.00000E-01 0.00000E+00 1.63636E-02
 -1       101 6.00000E-01 0.00000E+00 1.84091E-02
 -1       102 6.00000E-01 0.00000E+00 2.04545E-02
 -1       103 6.00000E-01 0.00000E+00 2.25000E-02
 -1       104 6.00000E-01 0.00000E+00 2.45455E-02
 -1       105 6.00000E-01 0.00000E+00 2.65909E-02
 -1       106 6.00000E-01 0.00000E+00 2.86364E-02
 -1       107 6.00000E-01 0.00000E+00 3.06818E-02
 -1       108 6.00000E-01 0.00000E+00 3.27273E-02
 -1       109 6.00000E-01 0.00000E+00 3.47727E-02
 -1       110 6.00000E-01 0.00000E+00 3.68182E-02
 -1       111 6.00000E-01 0.00000E+00 3.88636E-02
 -1       112 6.00000E-01 0.00000E+00 4.09091E-02
 -1       113 6.00000E-01 0.00000E+00 4.29545E-02
 -1       114 6.00000E-01 0.00000E+00 4.50000E-02
 -1       115 6.00000E-01 0.00000E+00 4.70455E-02
 -1       116 6.00000E-01 0.00000E+00 4.90909E-02
 -1       117 6.00000E-01 0.00000E+00 5.11364E-02
 -1       118 6.00000E-01 0.00000E+00 5.31818E-02
 -1       119 6.00000E-01 0.00000E+00 5.52273E-02
 -1       120 6.00000E-01 0.00000E+00 5.72727E-02
 -1       121 6.00000E-01 0.00000E+00 5.93182E-02
 -1       122 6.00000E-01 0.00000E+00 6.13636E-02
 -1       123 6.00000E-01 0.00000E+00 6.34091E-02
 -1       124 6.00000E-01 0.00000E+00 6.54545E-02
 -1       125 6.00000E-01 0.00000E+00 6.75000E-02
 -1       126 6.00000E-01 0.00000E+00 6.95455E-02
 -1       127 6.00000E-01 0.00000E+00 7.15909E-02
 -1       128 6.00000E-01 0.00000E+00 7.36364E-02
 -1       129 6.00000E-01 0.00000E+00 7.56818E-02
 -1       130 6.00000E-01 0.00000E+00 7.77273E-02
 -1       131 6.00000E-01 0.00000E+00 7.97727E-02
 -1       132 6.00000E-01 0.00000E+00 8.18182E-02
 -1       133 6.00000E-01 0.00000E+00 8.38636E-02
 -1       134 6.00000E-01 0.00000E+00 8.59091E-02
 -1       135 6.00000E-01 0.00000E+00 8.79545E-02
 -1       136 6.00000E-01 2.00000E-01 9.00000E-02
 -1       137 6.00000E-01 2.00000E-01 0.00000E+00
 -1       138 6.00000E-01 2.00000E-01 2.04545E-03
 -1       139 6.00000E-01 2.00000E-01 4.09091E-03
 -1       140 6.00000E-01 2.00000E-01 6.13636E-03
 -1       141 6.00000E-01 2.00000E-01 8.18182E-03
 -1       142 6.00000E-01 2.00000E-01 1.02273E-02
 -1       143 6.00000E-01 2.00000E-01 1.22727E-02
 -1       144 6.00000E-01 2.00000E-01 1.43182E-02
 -1       145 6.00000E-01 2.00000E-01 1.63636E-02
 -1       146 6.00000E-01 2.00000E-01 1.84091E-02
 -1       147 6.00000E-01 2.00000E-01 2.04545E-02
 -1       148 6.00000E-01 2.00000E-01 2.25000E-02
 -1       149 6.00000E-01 2.00000E-01 2.45455E-02
 -1       150 6.00000E-01 2.00000E-01 2.65909E-02
 -1       151 6.00000E-01 2.00000E-01 2.86364E-02
 -1       152 6.00000E-01 2.00000E-01 3.06818E-02
 -1       153 6.00000E-01 2.00000E-01 3.27273E-02
 -1       154 6.00000E-01 2.00000E-01 3.47727E-02
 -1       155 6.00000E-01 2.00000E-01 3.68182E-02
 -1       156 6.00000E-01 2.00000E-01 3.88636E-02
 -1       157 6.00000E-01 2.00000E-01 4.09091E-02
 -1       158 6.00000E-01 2.00000E-01 4.29545E-02
 -1       159 6.00000E-01 2.00000E-01 4.50000E-02
 -1       160 6.00000E-01 2.00000E-01 4.70455E-02
 -1       161 6.00000E-01 2.00000E-01 4.90909E-02
 -1       162 6.00000E-01 2.00000E-01 5.11364E-02
 -1       163 6.00000E-01 2.00000E-01 5.31818E-02
 -1       164 6.00000E-01 2.00000E-01 5.52273E-02
 -1       165 6.00000E-01 2.00000E-01 5.72727E-02
 -1       166 6.00000E-01 2.00000E-01 5.93182E-02
 -1       167 6.00000E-01 2.00000E-01 6.13636E-02
 -1       168 6.00000E-01 2.00000E-01 6.34091E-02
 -1       169 6.00000E-01 2.00000E-01 6.54545E-02
 -1       170 6.00000E-01 2.00000E-01 6.75000E-02
 -1       171 6.00000E-01 2.00000E-01 6.95455E-02
 -1       172 6.00000E-01 2.00000E-01 7.15909E-02
 -1       173 6.00000E-01 2.00000E-01 7.36364E-02
 -1       174 6.00000E-01 2.00000E-01 7.56818E-02
 -1       175 6.00000E-01 2.00000E-01 7.77273E-02
 -1       176 6.00000E-01 2.00000E-01 7.97727E-02
 -1       177 6.00000E-01 2.00000E-01 8.18182E-02
 -1       178 6.00000E-01 2.00000E-01 8.38636E-02
 -1       179 6.00000E-01 2.00000E-01 8.59091E-02
 -1       180 6.00000E-01 2.00000E-01 8.79545E-02
 -1       181 5.98000E-01 0.00000E+00 0.00000E+00
 -1       182 5.98000E-01 0.00000E+00 9.00000E-02
 -1       183 5.98000E-01 2.00000E-01 0.00000E+00
 -1       184 5.98000E-01 2.00000E-01 9.00000E-02
 -1       185 5.98000E-01 0.00000E+00 2.04545E-03
 -1       186 5.98000E-01 0.00000E+00 4.09091E-03
 -1       187 5.98000E-01 0.00000E+00 6.13636E-03
 -1       188 5.98000E-01 0.00000E+00 8.18182E-03
 -1       189 5.98000E-01 0.00000E+00 1.02273E-02
 -1       190 5.98000E-01 0.00000E+00 1.22727E-02
 -1       191 5.98000E-01 0.00000E+00 1.43182E-02
 -1       192 5.98000E-01 0.00000E+00 1.63636E-02
 -1       193 5.98000E-01 0.00000E+00 1.84091E-02
 -1       194 5.98000E-01 0.00000E+00 2.04545E-02
 -1       195 5.98000E-01 0.00000E+00 2.25000E-02
 -1       196 5.98000E-01 0.00000E+00 2.45455E-02
 -1       197 5.98000E-01 0.00000E+00 2.65909E-02
 -1       198 5.98000E-01 0.00000E+00 2.86364E-02
 -1       199 5.98000E-01 0.00000E+00 3.06818E-02
 -1       200 5.98000E-01 0.00000E+00 3.27273E-02
 -1       201 5.98000E-01 0.00000E+00 3.47727E-02
 -1       202 5.98000E-01 0.00000E+00 3.68182E-02
 -1       203 5.98000E-01 0.00000E+00 3.88636E-02
 -1       204 5.98000E-01 0.00000E+00 4.09091E-02
 -1       205 5.98000E-01 0.00000E+00 4.29545E-02
 -1       206 5.98000E-01 0.00000E+00 4.50000E-02
 -1       207 5.98000E-01 0.00000E+00 4.70455E-02
 -1       208 5.98000E-01 0.00000E+00 4.90909E-02
 -1       209 5.98000E-01 0.00000E+00 5.11364E-02
 -1       210 5.98000E-01 0.00000E+00 5.31818E-02
 -1       211 5.98000E-01 0.00000E+00 5.52273E-02
 -1       212 5.98000E-01 0.00000E+00 5.72727E-02
 -1       213 5.98000E-01 0.00000E+00 5.93182E-02
 -1       214 5.98000E-01 0.00000E+00 6.13636E-02
 -1       215 5.98000E-01 0.00000E+00 6.34091E-02
 -1       216 5.98000E-01 0.00000E+00 6.54545E-02
 -1       217 5.98000E-01 0.00000E+00 6.75000E-02
 -1       218 5.98000E-01 0.00000E+00 6.95455E-02
 -1       219 5.98000E-01 0.00000E+00 7.15909E-02
 -1       220 5.98000E-01 0.00000E+00 7.36364E-02
 -1       221 5.98000E-01 0.00000E+00 7.56818E-02
 -1       222 5.98000E-01 0.00000E+00 7.77273E-02
 -1       223 5.98000E-01 0.00000E+00 7.97727E-02
 -1       224 5.98000E-01 0.00000E+00 8.18182E-02
 -1       225 5.98000E-01 0.00000E+00 8.38636E-02
 -1       226 5.98000E-01 0.00000E+00 8.59091E-02
 -1       227 5.98000E-01 0.00000E+00 8.79545E-02
 -1       228 5.98000E-01 2.00000E-01 2.04545E-03
 -1       229 5.98000E-01 2.00000E-01 4.09091E-03
 -1       230 5.98000E-01 2.00000E-01 6.13636E-03
 -1       231 5.98000E-01 2.00000E-01 8.18182E-03
 -1       232 5.98000E-01 2.00000E-01 1.02273E-02
 -1       233 5.98000E-01 2.00000E-01 1.22727E-02
 -1       234 5.98000E-01 2.00000E-01 1.43182E-02
 -1       235 5.98000E-01 2.00000E-01 1.63636E-02
 -1       236 5.98000E-01 2.00000E-01 1.84091E-02
 -1       237 5.98000E-01 2.00000E-01 2.04545E-02
 -1       238 5.98000E-01 2.00000E-01 2.25000E-02
 -1       239 5.98000E-01 2.00000E-01 2.45455E-02
 -1       240 5.98000E-01 2.00000E-01 2.65909E-02
 -1       241 5.98000E-01 2.00000E-01 2.86364E-02
 -1       242 5.98000E-01 2.00000E-01 3.06818E-02
 -1       243 5.98000E-01 2.00000E-01 3.27273E-02
 -1       244 5.98000E-01 2.00000E-01 3.47727E-02
 -1       245 5.98000E-01 2.00000E-01 3.68182E-02
 -1       246 5.98000E-01 2.00000E-01 3.88636E-02
 -1       247 5.98000E-01 2.00000E-01 4.09091E-02
 -1       248 5.98000E-01 2.00000E-01 4.29545E-02
 -1       249 5.98000E-01 2.00000E-01 4.50000E-02
 -1       250 5.98000E-01 2.00000E-01 4.70455E-02
 -1       251 5.98000E-01 2.00000E-01 4.90909E-02
 -1       252 5.98000E-01 2.00000E-01 5.11364E-02
 -1       253 5.98000E-01 2.00000E-01 5.31818E-02
 -1       254 5.98000E-01 2.00000E-01 5.52273E-02
 -1       255 5.98000E-01 2.00000E-01 5.72727E-02
 -1       256 5.98000E-01 2.00000E-01 5.93182E-02
 -1       257 5.98000E-01 2.00000E-01 6.13636E-02
 -1       258 5.98000E-01 2.00000E-01 6.34091E-02
 -1       259 5.98000E-01 2.00000E-01 6.54545E-02
 -1       260 5.98000E-01 2.00000E-01 6.75000E-02
 -1       261 5.98000E-01 2.00000E-01 6.95455E-02
 -1       262 5.98000E-01 2.00000E-01 7.15909E-02
 -1       263 5.98000E-01 2.00000E-01 7.36364E-02
 -1       264 5.98000E-01 2.00000E-01 7.56818E-02
 -1       265 5.98000E-01 2.00000E-01 7.77273E-02
 -1       266 5.98000E-01 2.00000E-01 7.97727E-02
 -1       267 5.98000E-01 2.00000E-01 8.18182E-02
 -1       268 5.98000E-01 2.00000E-01 8.38636E-02
 -1       269 5.98000E-01 2.00000E-01 8.59091E-02
 -1       270 5.98000E-01 2.00000E-01 8.79545E-02
 -3
    3C                            88                                     1
 -1       457    1    0    1
 -2         2         3       185       181        47        48       228       183
 -1       458    1    0    1
 -2         3         4       186       185        48        49       229       228
 -1       459    1    0    1
 -2         4         5       187       186        49        50       230       229
 -1       460    1    0    1
 -2         5         6       188       187        50        51       231       230
 -1       461    1    0    1
 -2         6         7       189       188        51        52       232       231
 -1       462    1    0    1
 -2         7         8       190       189        52        53       233       232
 -1       463    1    0    1
 -2         8         9       191       190        53        54       234       233
 -1       464    1    0    1
 -2         9        10       192       191        54        55       235       234
 -1       465    1    0    1
 -2        10        11       193       192        55        56       236       235
 -1       466    1    0    1
 -2        11        12       194       193        56        57       237       236
 -1       467    1    0    1
 -2        12        13       195       194        57        58       238       237
 -1       468    1    0    1
 -2        13        14       196       195        58        59       239       238
 -1       469    1    0    1
 -2        14        15       197       196        59        60       240       239
 -1       470    1    0    1
 -2        15        16       198       197        60        61       241       240
 -1       471    1    0    1
 -2        16        17       199       198        61        62       242       241
 -1       472    1    0    1
 -2        17        18       200       199        62        63       243       242
 -1       473    1    0    1
 -2        18        19       201       200        63        64       244       243
 -1       474    1    0    1
 -2        19        20       202       201        64        65       245       244
 -1       475    1    0    1
 -2        20        21       203       202        65        66       246       245
 -1       476    1    0    1
 -2        21        22       204       203        66        67       247       246
 -1       477    1    0    1
 -2        22        23       205       204        67        68       248       247
 -1       478    1    0    1
 -2        23        24       206       205        68        69       249       248
 -1       479    1    0    1
 -2        24        25       207       206        69        70       250       249
 -1       480    1    0    1
 -2        25        26       208       207        70        71       251       250
 -1       481    1    0    1
 -2        26        27       209       208        71        72       252       251
 -1       482    1    0    1
 -2        27        28       210       209        72        73       253       252
 -1       483    1    0    1
 -2        28        29       211       210        73        74       254       253
 -1       484    1    0    1
 -2        29        30       212       211        74        75       255       254
 -1       485    1    0    1
 -2        30        31       213       212        75        76       256       255
 -1       486    1    0    1
 -2        31        32       214       213        76        77       257       256
 -1       487    1    0    1
 -2        32        33       215       214        77        78       258       257
 -1       488    1    0    1
 -2        33        34       216       215        78        79       259       258
 -1       489    1    0    1
 -2        34        35       217       216        79        80       260       259
 -1       490    1    0    1
 -2        35        36       218       217        80        81       261       260
 -1       491    1    0    1
 -2        36        37       219       218        81        82       262       261
 -1       492    1    0    1
 -2        37        38       220       219        82        83       263       262
 -1       493    1    0    1
 -2        38        39       221       220        83        84       264       263
 -1       494    1    0    1
 -2        39        40       222       221        84        85       265       264
 -1       495    1    0    1
 -2        40        41       223       222        85        86       266       265
 -1       496    1    0    1
 -2        41        42       224       223        86        87       267       266
 -1       497    1    0    1
 -2        42        43       225       224        87        88       268       267
 -1       498    1    0    1
 -2        43        44       226       225        88        89       269       268
 -1       499    1    0    1
 -2        44        45       227       226        89        90       270       269
 -1       500    1    0    1
 -2        45         1       182       227        90        46       184       270
 -1       501    1    0    1
 -2       181       185        93        92       183       228       138       137
 -1       502    1    0    1
 -2       185       186        94        93       228       229       139       138
 -1       503    1    0    1
 -2       186       187        95        94       229       230       140       139
 -1       504    1    0    1
 -2       187       188        96        95       230       231       141       140
 -1       505    1    0    1
 -2       188       189        97        96       231       232       142       141
 -1       506    1    0    1
 -2       189       190        98        97       232       233       143       142
 -1       507    1    0    1
 -2       190       191        99        98       233       234       144       143
 -1       508    1    0    1
 -2       191       192       100        99       234       235       145       144
 -1       509    1    0    1
 -2       192       193       101       100       235       236       146       145
 -1       510    1    0    1
 -2       193       194       102       101       236       237       147       146
 -1       511    1    0    1
 -2       194       195       103       102       237       238       148       147
 -1       512    1    0    1
 -2       195       196       104       103       238       239       149       148
 -1       513    1    0    1
 -2       196       197       105       104       239       240       150       149
 -1       514    1    0    1
 -2       197       198       106       105       240       241       151       150
 -1       515    1    0    1
 -2       198       199       107       106       241       242       152       151
 -1       516    1    0    1
 -2       199       200       108       107       242       243       153       152
 -1       517    1    0    1
 -2       200       201       109       108       243       244       154       153
 -1       518    1    0    1
 -2       201       202       110       109       244       245       155       154
 -1       519    1    0    1
 -2       202       203       111       110       245       246       156       155
 -1       520    1    0    1
 -2       203       204       112       111       246       247       157       156
 -1       521    1    0    1
 -2       204       205       113       112       247       248       158       157
 -1       522    1    0    1
 -2       205       206       114       113       248       249       159       158
 -1       523    1    0    1
 -2       206       207       115       114       249       250       160       159
 -1       524    1    0    1
 -2       207       208       116       115       250       251       161       160
 -1       525    1    0    1
 -2       208       209       117       116       251       252       162       161
 -1       526    1    0    1
 -2       209       210       118       117       252       253       163       162
 -1       527    1    0    1
 -2       210       211       119       118       253       254       164       163
 -1       528    1    0    1
 -2       211       212       120       119       254       255       165       164
 -1       529    1    0    1
 -2       212       213       121       120       255       256       166       165
 -1       530    1    0    1
 -2       213       214       122       121       256       257       167       166
 -1       531    1    0    1
 -2       214       215       123       122       257       258       168       167
 -1       532    1    0    1
 -2       215       216       124       123       258       259       169       168
 -1       533    1    0    1
 -2       216       217       125       124       259       260       170       169
 -1       534    1    0    1
 -2       217       218       126       125       260       261       171       170
 -1       535    1    0    1
 -2       218       219       127       126       261       262       172       171
 -1       536    1    0    1
 -2       219       220       128       127       262       263       173       172
 -1       537    1    0    1
 -2       220       221       129       128       263       264       174       173
 -1       538    1    0    1
 -2       221       222       130       129       264       265       175       174
 -1       539    1    0    1
 -2       222       223       131       130       265       266       176       175
 -1       540    1    0    1
 -2       223       224       132       131       266       267       177       176
 -1       541    1    0    1
 -2       224       225       133       132       267       268       178       177
 -1       542    1    0    1
 -2       225       226       134       133       268       269       179       178
 -1       543    1    0    1
 -2       226       227       135       134       269       270       180       179
 -1       544    1    0    1
 -2       227       182        91       135       270       184       136       180
 -3
    1PSTEP                         1           1           1          
  100CL  101 1.00000E-04         270                     1    1           1
 -4  DISP        4    1
 -5  D1          1    2    1    0
 -5  D2          1    2    2    0
 -5  D3          1    2    3    0
 -5  ALL         1    2    0    0    1ALL
 -1         1-4.05877E+22 0.00000E+00 2.70370E+23
 -1         2 0.00000E+00 0.00000E+00 0.00000E+00
 -1         3 3.38838E+34 0.00000E+00 1.41915E+33
 -1         4 3.85379E+34 0.00000E+00 3.62209E+33
 -1         5 2.30617E+34 0.00000E+00 4.00777E+33
 -1         6 1.16297E+34 0.00000E+00 3.01861E+33
 -1         7 5.28989E+33 0.00000E+00 2.04184E+33
 -1         8 2.21064E+33 0.00000E+00 1.32692E+33
 -1         9 8.41324E+32 0.00000E+00 8.46238E+32
 -1        10 2.78347E+32 0.00000E+00 5.32269E+32
 -1        11 6.69873E+31 0.00000E+00 3.30084E+32
 -1        12-1.84631E+30 0.00000E+00 2.01626E+32
 -1        13-1.78910E+31 0.00000E+00 1.21267E+32
 -1        14-1.70324E+31 0.00000E+00 7.18681E+31
 -1        15-1.25529E+31 0.00000E+00 4.20712E+31
 -1        16-9.15078E+30 0.00000E+00 2.45121E+31
 -1        17-1.07201E+31 0.00000E+00 1.37460E+31
 -1        18-3.99089E+30 0.00000E+00 7.37587E+30
 -1        19-1.80499E+30 0.00000E+00 4.15773E+30
 -1        20-8.77597E+29 0.00000E+00 2.31040E+30
 -1        21-4.52207E+29 0.00000E+00 1.26991E+30
 -1        22-2.41810E+29 0.00000E+00 6.92107E+29
 -1        23-1.31895E+29 0.00000E+00 3.74911E+29
 -1        24-7.25377E+28 0.00000E+00 2.02206E+29
 -1        25-3.99385E+28 0.00000E+00 1.08723E+29
 -1        26-2.19316E+28 0.00000E+00 5.83284E+28
 -1        27-1.20066E+28 0.00000E+00 3.12421E+28
 -1        28-6.62294E+27 0.00000E+00 1.67292E+28
 -1        29-4.05505E+27 0.00000E+00 8.92677E+27
 -1        30-2.25506E+27 0.00000E+00 4.72624E+27
 -1        31-1.20964E+27 0.00000E+00 2.50173E+27
 -1        32-6.35800E+26 0.00000E+00 1.32294E+27
 -1        33-3.30475E+26 0.00000E+00 6.98466E+26
 -1        34-1.70792E+26 0.00000E+00 3.68089E+26
 -1        35-8.81468E+25 0.00000E+00 1.93629E+26
 -1        36-4.59356E+25 0.00000E+00 1.01770E+26
 -1        37-2.62795E+25 0.00000E+00 5.32554E+25
 -1        38-1.31282E+25 0.00000E+00 2.76808E+25
 -1        39-6.66734E+24 0.00000E+00 1.44450E+25
 -1        40-3.39442E+24 0.00000E+00 7.52861E+24
 -1        41-1.73194E+24 0.00000E+00 3.92207E+24
 -1        42-8.83724E+23 0.00000E+00 2.04703E+24
 -1        43-4.48564E+23 0.00000E+00 1.07932E+24
 -1        44-2.28242E+23 0.00000E+00 5.89161E+23
 -1        45-9.67433E+22 0.00000E+00 3.57444E+23
 -1        46 1.83822E+22 0.00000E+00-1.25823E+23
 -1        47 0.00000E+00 0.00000E+00 0.00000E+00
 -1        48-1.69358E+34 0.00000E+00-7.09047E+32
 -1        49-1.92611E+34 0.00000E+00-1.81043E+33
 -1        50-1.15245E+34 0.00000E+00-2.00353E+33
 -1        51-5.81087E+33 0.00000E+00-1.50913E+33
 -1        52-2.64287E+33 0.00000E+00-1.02080E+33
 -1        53-1.10439E+33 0.00000E+00-6.63333E+32
 -1        54-4.20326E+32 0.00000E+00-4.22983E+32
 -1        55-1.39100E+32 0.00000E+00-2.66005E+32
 -1        56-3.35222E+31 0.00000E+00-1.64934E+32
 -1        57 8.60797E+29 0.00000E+00-1.00736E+32
 -1        58 8.87414E+30 0.00000E+00-6.05911E+31
 -1        59 8.45953E+30 0.00000E+00-3.59311E+31
 -1        60 6.33070E+30 0.00000E+00-2.10890E+31
 -1        61 5.11317E+30 0.00000E+00-1.24211E+31
 -1        62 8.25460E+30 0.00000E+00-6.85955E+30
 -1        63 2.54040E+30 0.00000E+00-3.49415E+30
 -1        64 9.72567E+29 0.00000E+00-1.98936E+30
 -1        65 4.08033E+29 0.00000E+00-1.10866E+30
 -1        66 1.90644E+29 0.00000E+00-6.08413E+29
 -1        67 9.74684E+28 0.00000E+00-3.30151E+29
 -1        68 5.28248E+28 0.00000E+00-1.77868E+29
 -1        69 2.94738E+28 0.00000E+00-9.54188E+28
 -1        70 1.65977E+28 0.00000E+00-5.10725E+28
 -1        71 9.33209E+27 0.00000E+00-2.73075E+28
 -1        72 5.22081E+27 0.00000E+00-1.45956E+28
 -1        73 2.93781E+27 0.00000E+00-7.80835E+27
 -1        74 1.84852E+27 0.00000E+00-4.16601E+27
 -1        75 1.04115E+27 0.00000E+00-2.20591E+27
 -1        76 5.62730E+26 0.00000E+00-1.16845E+27
 -1        77 2.97166E+26 0.00000E+00-6.18523E+26
 -1        78 1.54910E+26 0.00000E+00-3.26954E+26
 -1        79 8.02025E+25 0.00000E+00-1.72527E+26
 -1        80 4.14853E+25 0.00000E+00-9.08921E+25
 -1        81 2.18930E+25 0.00000E+00-4.78941E+25
 -1        82 1.38386E+25 0.00000E+00-2.50375E+25
 -1        83 6.47390E+24 0.00000E+00-1.29307E+25
 -1        84 3.18677E+24 0.00000E+00-6.75787E+24
 -1        85 1.58952E+24 0.00000E+00-3.52413E+24
 -1        86 8.01095E+23 0.00000E+00-1.83564E+24
 -1        87 4.06250E+23 0.00000E+00-9.57467E+23
 -1        88 2.06673E+23 0.00000E+00-5.04552E+23
 -1        89 1.10414E+23 0.00000E+00-2.74864E+23
 -1        90 4.54021E+22 0.00000E+00-1.66207E+23
 -1        91 3.69585E+22 0.00000E+00 2.78134E+23
 -1        92 0.00000E+00 0.00000E+00 0.00000E+00
 -1        93 2.49134E+34 0.00000E+00-9.08226E+31
 -1        94 2.83112E+34 0.00000E+00 3.39405E+33
 -1        95 2.00058E+34 0.00000E+00 6.52185E+33
 -1        96 1.24130E+34 0.00000E+00 6.83353E+33
 -1        97 7.15457E+33 0.00000E+00 5.48384E+33
 -1        98 3.95130E+33 0.00000E+00 3.82586E+33
 -1        99 2.12907E+33 0.00000E+00 2.45369E+33
 -1       100 1.13198E+33 0.00000E+00 1.48980E+33
 -1       101 5.98022E+32 0.00000E+00 8.71289E+32
 -1       102 3.15237E+32 0.00000E+00 4.96336E+32
 -1       103 1.66135E+32 0.00000E+00 2.77511E+32
 -1       104 8.75262E+31 0.00000E+00 1.53202E+32
 -1       105 4.58720E+31 0.00000E+00 8.39648E+31
 -1       106 2.34199E+31 0.00000E+00 4.57389E+31
 -1       107 9.70414E+30 0.00000E+00 2.43095E+31
 -1       108 5.76987E+30 0.00000E+00 1.24433E+31
 -1       109 3.15225E+30 0.00000E+00 6.38499E+30
 -1       110 1.72487E+30 0.00000E+00 3.34922E+30
 -1       111 9.35184E+29 0.00000E+00 1.77700E+30
 -1       112 5.02013E+29 0.00000E+00 9.47725E+29
 -1       113 2.67193E+29 0.00000E+00 5.06188E+29
 -1       114 1.41282E+29 0.00000E+00 2.70169E+29
 -1       115 7.43519E+28 0.00000E+00 1.43951E+29
 -1       116 3.89925E+28 0.00000E+00 7.65524E+28
 -1       117 2.03772E+28 0.00000E+00 4.06455E+28
 -1       118 1.05678E+28 0.00000E+00 2.15556E+28
 -1       119 5.25896E+27 0.00000E+00 1.13820E+28
 -1       120 2.66521E+27 0.00000E+00 5.95184E+27
 -1       121 1.35858E+27 0.00000E+00 3.08678E+27
 -1       122 6.97281E+26 0.00000E+00 1.59503E+27
 -1       123 3.59881E+26 0.00000E+00 8.23216E+26
 -1       124 1.86404E+26 0.00000E+00 4.25058E+26
 -1       125 9.66203E+25 0.00000E+00 2.19799E+26
 -1       126 4.97969E+25 0.00000E+00 1.13859E+26
 -1       127 2.45253E+25 0.00000E+00 5.88539E+25
 -1       128 1.27829E+25 0.00000E+00 3.02210E+25
 -1       129 6.60502E+24 0.00000E+00 1.54995E+25
 -1       130 3.42234E+24 0.00000E+00 7.97202E+24
 -1       131 1.77284E+24 0.00000E+00 4.11250E+24
 -1       132 9.14869E+23 0.00000E+00 2.13166E+24
 -1       133 4.65423E+23 0.00000E+00 1.11843E+24
 -1       134 2.23474E+23 0.00000E+00 6.08510E+23
 -1       135 9.80884E+22 0.00000E+00 3.68498E+23
 -1       136-1.72244E+22 0.00000E+00-1.27868E+23
 -1       137 0.00000E+00 0.00000E+00 0.00000E+00
 -1       138-1.24514E+34 0.00000E+00 4.53610E+31
 -1       139-1.41485E+34 0.00000E+00-1.69633E+33
 -1       140-9.99695E+33 0.00000E+00-3.25934E+33
 -1       141-6.20248E+33 0.00000E+00-3.41480E+33
 -1       142-3.57491E+33 0.00000E+00-2.74008E+33
 -1       143-1.97434E+33 0.00000E+00-1.91147E+33
 -1       144-1.06383E+33 0.00000E+00-1.22580E+33
 -1       145-5.65617E+32 0.00000E+00-7.44204E+32
 -1       146-2.98808E+32 0.00000E+00-4.35219E+32
 -1       147-1.57497E+32 0.00000E+00-2.47940E+32
 -1       148-8.29708E+31 0.00000E+00-1.38687E+32
 -1       149-4.36347E+31 0.00000E+00-7.66838E+31
 -1       150-2.26806E+31 0.00000E+00-4.22144E+31
 -1       151-1.11556E+31 0.00000E+00-2.31310E+31
 -1       152-3.21612E+30 0.00000E+00-1.21360E+31
 -1       153-2.33800E+30 0.00000E+00-5.91674E+30
 -1       154-1.33795E+30 0.00000E+00-2.89752E+30
 -1       155-7.66548E+29 0.00000E+00-1.49067E+30
 -1       156-4.29541E+29 0.00000E+00-7.88671E+29
 -1       157-2.35534E+29 0.00000E+00-4.23129E+29
 -1       158-1.26930E+29 0.00000E+00-2.28171E+29
 -1       159-6.75446E+28 0.00000E+00-1.23039E+29
 -1       160-3.56343E+28 0.00000E+00-6.61833E+28
 -1       161-1.86910E+28 0.00000E+00-3.54836E+28
 -1       162-9.75745E+27 0.00000E+00-1.89664E+28
 -1       163-5.05135E+27 0.00000E+00-1.01124E+28
 -1       164-2.50435E+27 0.00000E+00-5.36085E+27
 -1       165-1.26575E+27 0.00000E+00-2.81039E+27
 -1       166-6.43855E+26 0.00000E+00-1.45963E+27
 -1       167-3.30001E+26 0.00000E+00-7.54820E+26
 -1       168-1.70188E+26 0.00000E+00-3.89747E+26
 -1       169-8.80978E+25 0.00000E+00-2.01331E+26
 -1       170-4.55786E+25 0.00000E+00-1.04209E+26
 -1       171-2.32871E+25 0.00000E+00-5.40537E+25
 -1       172-1.07886E+25 0.00000E+00-2.78646E+25
 -1       173-5.77342E+24 0.00000E+00-1.41604E+25
 -1       174-3.00510E+24 0.00000E+00-7.19212E+24
 -1       175-1.57077E+24 0.00000E+00-3.68231E+24
 -1       176-8.19427E+23 0.00000E+00-1.89681E+24
 -1       177-4.24649E+23 0.00000E+00-9.83726E+23
 -1       178-2.15892E+23 0.00000E+00-5.16933E+23
 -1       179-1.01179E+23 0.00000E+00-2.81220E+23
 -1       180-4.49474E+22 0.00000E+00-1.69731E+23
 -1       181 0.00000E+00 0.00000E+00 0.00000E+00
 -1       182-2.31540E+21 0.00000E+00 1.30622E+23
 -1       183 0.00000E+00 0.00000E+00 0.00000E+00
 -1       184 7.88727E+20 0.00000E+00-5.95932E+22
 -1       185 2.78128E+34 0.00000E+00 5.23057E+32
 -1       186 3.27668E+34 0.00000E+00 3.81283E+33
 -1       187 2.15640E+34 0.00000E+00 5.81571E+33
 -1       188 1.18183E+34 0.00000E+00 5.33976E+33
 -1       189 5.90801E+33 0.00000E+00 3.96813E+33
 -1       190 2.79516E+33 0.00000E+00 2.63477E+33
 -1       191 1.27678E+33 0.00000E+00 1.63420E+33
 -1       192 5.70726E+32 0.00000E+00 9.69507E+32
 -1       193 2.52279E+32 0.00000E+00 5.57811E+32
 -1       194 1.11300E+32 0.00000E+00 3.14021E+32
 -1       195 4.93994E+31 0.00000E+00 1.74008E+32
 -1       196 2.21609E+31 0.00000E+00 9.53774E+31
 -1       197 9.86152E+30 0.00000E+00 5.19921E+31
 -1       198 3.49609E+30 0.00000E+00 2.83211E+31
 -1       199-1.96342E+30 0.00000E+00 1.48482E+31
 -1       200-1.48364E+29 0.00000E+00 7.33807E+30
 -1       201 2.47334E+29 0.00000E+00 3.77605E+30
 -1       202 2.35476E+29 0.00000E+00 1.98232E+30
 -1       203 1.53893E+29 0.00000E+00 1.04935E+30
 -1       204 8.73993E+28 0.00000E+00 5.56706E+29
 -1       205 4.61427E+28 0.00000E+00 2.95176E+29
 -1       206 2.33337E+28 0.00000E+00 1.56228E+29
 -1       207 1.14951E+28 0.00000E+00 8.25154E+28
 -1       208 5.57347E+27 0.00000E+00 4.35049E+28
 -1       209 2.65878E+27 0.00000E+00 2.29152E+28
 -1       210 1.17526E+27 0.00000E+00 1.20770E+28
 -1       211 2.19717E+26 0.00000E+00 6.32971E+27
 -1       212-1.71195E+24 0.00000E+00 3.26698E+27
 -1       213-2.87442E+25 0.00000E+00 1.67510E+27
 -1       214-1.85817E+25 0.00000E+00 8.57053E+26
 -1       215-8.23953E+24 0.00000E+00 4.38522E+26
 -1       216-2.69880E+24 0.00000E+00 2.24672E+26
 -1       217-5.47200E+23 0.00000E+00 1.15378E+26
 -1       218-3.26743E+23 0.00000E+00 5.94558E+25
 -1       219-1.74553E+24 0.00000E+00 3.04825E+25
 -1       220-6.92546E+23 0.00000E+00 1.54234E+25
 -1       221-2.45390E+23 0.00000E+00 7.84510E+24
 -1       222-7.52589E+22 0.00000E+00 4.00615E+24
 -1       223-1.69546E+22 0.00000E+00 2.05354E+24
 -1       224-3.82783E+20 0.00000E+00 1.05888E+24
 -1       225 1.21887E+21 0.00000E+00 5.54314E+23
 -1       226-4.77265E+21 0.00000E+00 3.02364E+23
 -1       227-7.52245E+20 0.00000E+00 1.84172E+23
 -1       228-1.39008E+34 0.00000E+00-2.61297E+32
 -1       229-1.63756E+34 0.00000E+00-1.90574E+33
 -1       230-1.07756E+34 0.00000E+00-2.90682E+33
 -1       231-5.90513E+33 0.00000E+00-2.66875E+33
 -1       232-2.95185E+33 0.00000E+00-1.98305E+33
 -1       233-1.39656E+33 0.00000E+00-1.31657E+33
 -1       234-6.37962E+32 0.00000E+00-8.16506E+32
 -1       235-2.85207E+32 0.00000E+00-4.84347E+32
 -1       236-1.26098E+32 0.00000E+00-2.78648E+32
 -1       237-5.56520E+31 0.00000E+00-1.56867E+32
 -1       238-2.47127E+31 0.00000E+00-8.69571E+31
 -1       239-1.10692E+31 0.00000E+00-4.77420E+31
 -1       240-4.78934E+30 0.00000E+00-2.61669E+31
 -1       241-1.12984E+30 0.00000E+00-1.44223E+31
 -1       242 3.08970E+30 0.00000E+00-7.41078E+30
 -1       243 6.94090E+29 0.00000E+00-3.37676E+30
 -1       244 2.09807E+28 0.00000E+00-1.67399E+30
 -1       245-1.02138E+29 0.00000E+00-8.70318E+29
 -1       246-8.71452E+28 0.00000E+00-4.62564E+29
 -1       247-5.38440E+28 0.00000E+00-2.47729E+29
 -1       248-2.92370E+28 0.00000E+00-1.32765E+29
 -1       249-1.48123E+28 0.00000E+00-7.09866E+28
 -1       250-7.20109E+27 0.00000E+00-3.78311E+28
 -1       251-3.41327E+27 0.00000E+00-2.00990E+28
 -1       252-1.58455E+27 0.00000E+00-1.06553E+28
 -1       253-6.86317E+26 0.00000E+00-5.64670E+27
 -1       254-1.46110E+26 0.00000E+00-2.97220E+27
 -1       255-1.17127E+25 0.00000E+00-1.53814E+27
 -1       256 1.03243E+25 0.00000E+00-7.90069E+26
 -1       257 8.12117E+24 0.00000E+00-4.04756E+26
 -1       258 3.84448E+24 0.00000E+00-2.07318E+26
 -1       259 1.32848E+24 0.00000E+00-1.06339E+26
 -1       260 3.62246E+23 0.00000E+00-5.47167E+25
 -1       261 4.78415E+23 0.00000E+00-2.82990E+25
 -1       262 1.89012E+24 0.00000E+00-1.44422E+25
 -1       263 6.48005E+23 0.00000E+00-7.16694E+24
 -1       264 1.94479E+23 0.00000E+00-3.61274E+24
 -1       265 4.62889E+22 0.00000E+00-1.83883E+24
 -1       266 4.18774E+21 0.00000E+00-9.42401E+23
 -1       267-4.10908E+21 0.00000E+00-4.86726E+23
 -1       268-2.22055E+21 0.00000E+00-2.55530E+23
 -1       269 4.96076E+21 0.00000E+00-1.39247E+23
 -1       270 9.09413E+20 0.00000E+00-8.42401E+22
 -3
    1PSTEP                         2           1           1          
  100CL  101 1.00000E-04         270                     1    1           1
 -4  FORC        4    1
 -5  F1          1    2    1    0
 -5  F2          1    2    2    0
 -5  F3          1    2    3    0
 -5  ALL         1    2    0    0    1ALL
 -1         1         INF 0.00000E+00        -INF
 -1         2 0.00000E+00 0.00000E+00 0.00000E+00
 -1         3        -INF 0.00000E+00        -INF
 -1         4        -INF 0.00000E+00         INF
 -1         5         INF 0.00000E+00         INF
 -1         6         INF 0.00000E+00         INF
 -1         7         INF 0.00000E+00         INF
 -1         8         INF 0.00000E+00         INF
 -1         9         INF 0.00000E+00         INF
 -1        10         INF 0.00000E+00         INF
 -1        11         INF 0.00000E+00         INF
 -1        12         INF 0.00000E+00         INF
 -1        13         INF 0.00000E+00         INF
 -1        14         INF 0.00000E+00         INF
 -1        15         INF 0.00000E+00         INF
 -1        16         INF 0.00000E+00         INF
 -1        17         INF 0.00000E+00         INF
 -1        18         INF 0.00000E+00         INF
 -1        19         INF 0.00000E+00         INF
 -1        20         INF 0.00000E+00         INF
 -1        21         INF 0.00000E+00         INF
 -1        22         INF 0.00000E+00         INF
 -1        23         INF 0.00000E+00         INF
 -1        24         INF 0.00000E+00         INF
 -1        25         INF 0.00000E+00         INF
 -1        26         INF 0.00000E+00         INF
 -1        27         INF 0.00000E+00         INF
 -1        28         INF 0.00000E+00         INF
 -1        29         INF 0.00000E+00         INF
 -1        30         INF 0.00000E+00         INF
 -1        31         INF 0.00000E+00         INF
 -1        32         INF 0.00000E+00         INF
 -1        33         INF 0.00000E+00         INF
 -1        34         INF 0.00000E+00         INF
 -1        35         INF 0.00000E+00         INF
 -1        36         INF 0.00000E+00         INF
 -1        37         INF 0.00000E+00         INF
 -1        38         INF 0.00000E+00         INF
 -1        39         INF 0.00000E+00         INF
 -1        40         INF 0.00000E+00         INF
 -1        41         INF 0.00000E+00         INF
 -1        42         INF 0.00000E+00        -INF
 -1        43         INF 0.00000E+00        -INF
 -1        44         INF 0.00000E+00        -INF
 -1        45         INF 0.00000E+00        -INF
 -1        46         INF 0.00000E+00        -INF
 -1        47 0.00000E+00 0.00000E+00 0.00000E+00
 -1        48        -INF 0.00000E+00        -INF
 -1        49        -INF 0.00000E+00         INF
 -1        50         INF 0.00000E+00         INF
 -1        51         INF 0.00000E+00         INF
 -1        52         INF 0.00000E+00         INF
 -1        53         INF 0.00000E+00         INF
 -1        54         INF 0.00000E+00         INF
 -1        55         INF 0.00000E+00         INF
 -1        56         INF 0.00000E+00         INF
 -1        57         INF 0.00000E+00         INF
 -1        58         INF 0.00000E+00         INF
 -1        59         INF 0.00000E+00         INF
 -1        60         INF 0.00000E+00         INF
 -1        61         INF 0.00000E+00         INF
 -1        62         INF 0.00000E+00         INF
 -1        63         INF 0.00000E+00         INF
 -1        64         INF 0.00000E+00         INF
 -1        65         INF 0.00000E+00         INF
 -1        66         INF 0.00000E+00         INF
 -1        67         INF 0.00000E+00         INF
 -1        68         INF 0.00000E+00         INF
 -1        69         INF 0.00000E+00         INF
 -1        70         INF 0.00000E+00         INF
 -1        71         INF 0.00000E+00         INF
 -1        72         INF 0.00000E+00         INF
 -1        73         INF 0.00000E+00         INF
 -1        74         INF 0.00000E+00         INF
 -1        75         INF 0.00000E+00         INF
 -1        76         INF 0.00000E+00         INF
 -1        77         INF 0.00000E+00         INF
 -1        78         INF 0.00000E+00         INF
 -1        79         INF 0.00000E+00         INF
 -1        80         INF 0.00000E+00         INF
 -1        81         INF 0.00000E+00         INF
 -1        82         INF 0.00000E+00         INF
 -1        83         INF 0.00000E+00         INF
 -1        84         INF 0.00000E+00         INF
 -1        85         INF 0.00000E+00         INF
 -1        86         INF 0.00000E+00         INF
 -1        87         INF 0.00000E+00         INF
 -1        88         INF 0.00000E+00        -INF
 -1        89         INF 0.00000E+00        -INF
 -1        90         INF 0.00000E+00        -INF
 -1        91        -INF 0.00000E+00        -INF
 -1        92 0.00000E+00 0.00000E+00 0.00000E+00
 -1        93        -INF 0.00000E+00         INF
 -1        94        -INF 0.00000E+00         INF
 -1        95         INF 0.00000E+00        -INF
 -1        96         INF 0.00000E+00        -INF
 -1        97         INF 0.00000E+00        -INF
 -1        98         INF 0.00000E+00        -INF
 -1        99         INF 0.00000E+00        -INF
 -1       100        -INF 0.00000E+00        -INF
 -1       101        -INF 0.00000E+00        -INF
 -1       102        -INF 0.00000E+00         INF
 -1       103        -INF 0.00000E+00         INF
 -1       104        -INF 0.00000E+00         INF
 -1       105        -INF 0.00000E+00         INF
 -1       106        -INF 0.00000E+00         INF
 -1       107        -INF 0.00000E+00         INF
 -1       108        -INF 0.00000E+00         INF
 -1       109        -INF 0.00000E+00         INF
 -1       110        -INF 0.00000E+00         INF
 -1       111        -INF 0.00000E+00         INF
 -1       112        -INF 0.00000E+00         INF
 -1       113        -INF 0.00000E+00         INF
 -1       114        -INF 0.00000E+00         INF
 -1       115        -INF 0.00000E+00         INF
 -1       116        -INF 0.00000E+00         INF
 -1       117        -INF 0.00000E+00         INF
 -1       118        -INF 0.00000E+00         INF
 -1       119        -INF 0.00000E+00         INF
 -1       120        -INF 0.00000E+00         INF
 -1       121        -INF 0.00000E+00         INF
 -1       122        -INF 0.00000E+00         INF
 -1       123        -INF 0.00000E+00         INF
 -1       124        -INF 0.00000E+00         INF
 -1       125        -INF 0.00000E+00         INF
 -1       126        -INF 0.00000E+00         INF
 -1       127        -INF 0.00000E+00         INF
 -1       128        -INF 0.00000E+00         INF
 -1       129        -INF 0.00000E+00         INF
 -1       130        -INF 0.00000E+00        -INF
 -1       131        -INF 0.00000E+00        -INF
 -1       132        -INF 0.00000E+00        -INF
 -1       133        -INF 0.00000E+00        -INF
 -1       134        -INF 0.00000E+00        -INF
 -1       135        -INF 0.00000E+00        -INF
 -1       136        -INF 0.00000E+00        -INF
 -1       137 0.00000E+00 0.00000E+00 0.00000E+00
 -1       138        -INF 0.00000E+00         INF
 -1       139        -INF 0.00000E+00         INF
 -1       140         INF 0.00000E+00        -INF
 -1       141         INF 0.00000E+00        -INF
 -1       142         INF 0.00000E+00        -INF
 -1       143         INF 0.00000E+00        -INF
 -1       144         INF 0.00000E+00        -INF
 -1       145        -INF 0.00000E+00        -INF
 -1       146        -INF 0.00000E+00        -INF
 -1       147        -INF 0.00000E+00         INF
 -1       148        -INF 0.00000E+00         INF
 -1       149        -INF 0.00000E+00         INF
 -1       150        -INF 0.00000E+00         INF
 -1       151        -INF 0.00000E+00         INF
 -1       152        -INF 0.00000E+00         INF
 -1       153        -INF 0.00000E+00         INF
 -1       154        -INF 0.00000E+00         INF
 -1       155        -INF 0.00000E+00         INF
 -1       156        -INF 0.00000E+00         INF
 -1       157        -INF 0.00000E+00         INF
 -1       158        -INF 0.00000E+00         INF
 -1       159        -INF 0.00000E+00         INF
 -1       160        -INF 0.00000E+00         INF
 -1       161        -INF 0.00000E+00         INF
 -1       162        -INF 0.00000E+00         INF
 -1       163        -INF 0.00000E+00         INF
 -1       164        -INF 0.00000E+00         INF
 -1       165        -INF 0.00000E+00         INF
 -1       166        -INF 0.00000E+00         INF
 -1       167        -INF 0.00000E+00         INF
 -1       168        -INF 0.00000E+00         INF
 -1       169        -INF 0.00000E+00         INF
 -1       170        -INF 0.00000E+00         INF
 -1       171        -INF 0.00000E+00         INF
 -1       172        -INF 0.00000E+00         INF
 -1       173        -INF 0.00000E+00         INF
 -1       174        -INF 0.00000E+00         INF
 -1       175        -INF 0.00000E+00        -INF
 -1       176        -INF 0.00000E+00        -INF
 -1       177        -INF 0.00000E+00        -INF
 -1       178        -INF 0.00000E+00        -INF
 -1       179        -INF 0.00000E+00        -INF
 -1       180        -INF 0.00000E+00        -INF
 -1       181 0.00000E+00 0.00000E+00 0.00000E+00
 -1       182         INF 0.00000E+00         INF
 -1       183 0.00000E+00 0.00000E+00 0.00000E+00
 -1       184         INF 0.00000E+00         INF
 -1       185        -INF 0.00000E+00        -INF
 -1       186        -INF 0.00000E+00         INF
 -1       187         INF 0.00000E+00        -INF
 -1       188         INF 0.00000E+00        -INF
 -1       189         INF 0.00000E+00         INF
 -1       190         INF 0.00000E+00         INF
 -1       191         INF 0.00000E+00         INF
 -1       192         INF 0.00000E+00         INF
 -1       193         INF 0.00000E+00         INF
 -1       194         INF 0.00000E+00         INF
 -1       195         INF 0.00000E+00         INF
 -1       196         INF 0.00000E+00         INF
 -1       197         INF 0.00000E+00         INF
 -1       198         INF 0.00000E+00         INF
 -1       199         INF 0.00000E+00         INF
 -1       200         INF 0.00000E+00         INF
 -1       201         INF 0.00000E+00         INF
 -1       202         INF 0.00000E+00         INF
 -1       203         INF 0.00000E+00         INF
 -1       204         INF 0.00000E+00         INF
 -1       205         INF 0.00000E+00         INF
 -1       206         INF 0.00000E+00         INF
 -1       207         INF 0.00000E+00         INF
 -1       208         INF 0.00000E+00         INF
 -1       209         INF 0.00000E+00         INF
 -1       210         INF 0.00000E+00         INF
 -1       211         INF 0.00000E+00         INF
 -1       212         INF 0.00000E+00         INF
 -1       213         INF 0.00000E+00         INF
 -1       214         INF 0.00000E+00         INF
 -1       215         INF 0.00000E+00         INF
 -1       216         INF 0.00000E+00         INF
 -1       217         INF 0.00000E+00         INF
 -1       218         INF 0.00000E+00         INF
 -1       219         INF 0.00000E+00         INF
 -1       220         INF 0.00000E+00         INF
 -1       221         INF 0.00000E+00         INF
 -1       222         INF 0.00000E+00         INF
 -1       223         INF 0.00000E+00         INF
 -1       224         INF 0.00000E+00         INF
 -1       225         INF 0.00000E+00         INF
 -1       226         INF 0.00000E+00         INF
 -1       227         INF 0.00000E+00         INF
 -1       228        -INF 0.00000E+00        -INF
 -1       229        -INF 0.00000E+00         INF
 -1       230         INF 0.00000E+00        -INF
 -1       231         INF 0.00000E+00        -INF
 -1       232         INF 0.00000E+00         INF
 -1       233         INF 0.00000E+00         INF
 -1       234         INF 0.00000E+00         INF
 -1       235         INF 0.00000E+00         INF
 -1       236         INF 0.00000E+00         INF
 -1       237         INF 0.00000E+00         INF
 -1       238         INF 0.00000E+00         INF
 -1       239         INF 0.00000E+00         INF
 -1       240         INF 0.00000E+00         INF
 -1       241         INF 0.00000E+00         INF
 -1       242         INF 0.00000E+00         INF
 -1       243         INF 0.00000E+00         INF
 -1       244         INF 0.00000E+00         INF
 -1       245         INF 0.00000E+00         INF
 -1       246         INF 0.00000E+00         INF
 -1       247         INF 0.00000E+00         INF
 -1       248         INF 0.00000E+00         INF
 -1       249         INF 0.00000E+00         INF
 -1       250         INF 0.00000E+00         INF
 -1       251         INF 0.00000E+00         INF
 -1       252         INF 0.00000E+00         INF
 -1       253         INF 0.00000E+00         INF
 -1       254         INF 0.00000E+00         INF
 -1       255         INF 0.00000E+00         INF
 -1       256         INF 0.00000E+00         INF
 -1       257         INF 0.00000E+00         INF
 -1       258         INF 0.00000E+00         INF
 -1       259         INF 0.00000E+00         INF
 -1       260         INF 0.00000E+00         INF
 -1       261         INF 0.00000E+00         INF
 -1       262         INF 0.00000E+00         INF
 -1       263         INF 0.00000E+00         INF
 -1       264         INF 0.00000E+00         INF
 -1       265         INF 0.00000E+00         INF
 -1       266         INF 0.00000E+00         INF
 -1       267         INF 0.00000E+00         INF
 -1       268         INF 0.00000E+00         INF
 -1       269         INF 0.00000E+00         INF
 -1       270         INF 0.00000E+00         INF
 -3
